DEB [20160924-21:26:57.184] thr=1   paramiko.transport: starting thread (client mode): 0x97c49cd0L
INF [20160924-21:26:57.196] thr=1   paramiko.transport: Connected (version 2.0, client OpenSSH_6.6.1p1)
DEB [20160924-21:26:57.197] thr=1   paramiko.transport: kex algos:[u'curve25519-sha256@libssh.org', u'ecdh-sha2-nistp256', u'ecdh-sha2-nistp384', u'ecdh-sha2-nistp521', u'diffie-hellman-group-exchange-sha256', u'diffie-hellman-group-exchange-sha1', u'diffie-hellman-group14-sha1', u'diffie-hellman-group1-sha1'] server key:[u'ssh-rsa', u'ssh-dss', u'ecdsa-sha2-nistp256'] client encrypt:[u'aes128-ctr', u'aes192-ctr', u'aes256-ctr', u'arcfour256', u'arcfour128', u'aes128-gcm@openssh.com', u'aes256-gcm@openssh.com', u'chacha20-poly1305@openssh.com', u'aes128-cbc', u'3des-cbc', u'blowfish-cbc', u'cast128-cbc', u'aes192-cbc', u'aes256-cbc', u'arcfour', u'rijndael-cbc@lysator.liu.se'] server encrypt:[u'aes128-ctr', u'aes192-ctr', u'aes256-ctr', u'arcfour256', u'arcfour128', u'aes128-gcm@openssh.com', u'aes256-gcm@openssh.com', u'chacha20-poly1305@openssh.com', u'aes128-cbc', u'3des-cbc', u'blowfish-cbc', u'cast128-cbc', u'aes192-cbc', u'aes256-cbc', u'arcfour', u'rijndael-cbc@lysator.liu.se'] client mac:[u'hmac-md5-etm@openssh.com', u'hmac-sha1-etm@openssh.com', u'umac-64-etm@openssh.com', u'umac-128-etm@openssh.com', u'hmac-sha2-256-etm@openssh.com', u'hmac-sha2-512-etm@openssh.com', u'hmac-ripemd160-etm@openssh.com', u'hmac-sha1-96-etm@openssh.com', u'hmac-md5-96-etm@openssh.com', u'hmac-md5', u'hmac-sha1', u'umac-64@openssh.com', u'umac-128@openssh.com', u'hmac-sha2-256', u'hmac-sha2-512', u'hmac-ripemd160', u'hmac-ripemd160@openssh.com', u'hmac-sha1-96', u'hmac-md5-96'] server mac:[u'hmac-md5-etm@openssh.com', u'hmac-sha1-etm@openssh.com', u'umac-64-etm@openssh.com', u'umac-128-etm@openssh.com', u'hmac-sha2-256-etm@openssh.com', u'hmac-sha2-512-etm@openssh.com', u'hmac-ripemd160-etm@openssh.com', u'hmac-sha1-96-etm@openssh.com', u'hmac-md5-96-etm@openssh.com', u'hmac-md5', u'hmac-sha1', u'umac-64@openssh.com', u'umac-128@openssh.com', u'hmac-sha2-256', u'hmac-sha2-512', u'hmac-ripemd160', u'hmac-ripemd160@openssh.com', u'hmac-sha1-96', u'hmac-md5-96'] client compress:[u'none', u'zlib@openssh.com'] server compress:[u'none', u'zlib@openssh.com'] client lang:[u''] server lang:[u''] kex follows?False
DEB [20160924-21:26:57.197] thr=1   paramiko.transport: Ciphers agreed: local=aes128-ctr, remote=aes128-ctr
DEB [20160924-21:26:57.197] thr=1   paramiko.transport: using kex diffie-hellman-group14-sha1; server key type ssh-rsa; cipher: local aes128-ctr, remote aes128-ctr; mac: local hmac-sha1, remote hmac-sha1; compression: local none, remote none
DEB [20160924-21:26:57.294] thr=1   paramiko.transport: Switch to new keys ...
DEB [20160924-21:26:57.298] thr=2   paramiko.transport: Adding ssh-rsa host key for 128.110.154.195: 6fa6bba3599a936ff717338cff2ca3c3
DEB [20160924-21:26:57.299] thr=2   paramiko.transport: Trying SSH key 8a04df6f9f614a868fb650d51b020835
DEB [20160924-21:26:57.332] thr=1   paramiko.transport: userauth is OK
INF [20160924-21:26:57.354] thr=1   paramiko.transport: Authentication (publickey) successful!
DEB [20160924-21:26:57.363] thr=2   paramiko.transport: [chan 0] Max packet in: 32768 bytes
DEB [20160924-21:26:57.369] thr=1   paramiko.transport: [chan 0] Max packet out: 32768 bytes
DEB [20160924-21:26:57.369] thr=1   paramiko.transport: Secsh channel 0 opened.
DEB [20160924-21:26:57.372] thr=1   paramiko.transport: [chan 0] Sesch channel 0 request ok
DEB [20160924-21:26:57.387] thr=1   paramiko.transport: [chan 0] EOF received (0)
DEB [20160924-21:26:57.389] thr=2   paramiko.transport: [chan 1] Max packet in: 32768 bytes
DEB [20160924-21:26:57.389] thr=1   paramiko.transport: [chan 0] EOF sent (0)
DEB [20160924-21:26:57.390] thr=1   paramiko.transport: [chan 1] Max packet out: 32768 bytes
DEB [20160924-21:26:57.390] thr=1   paramiko.transport: Secsh channel 1 opened.
DEB [20160924-21:26:57.423] thr=1   paramiko.transport: [chan 1] Sesch channel 1 request ok
DEB [20160924-21:26:57.439] thr=1   paramiko.transport: [chan 1] EOF received (1)
DEB [20160924-21:26:57.440] thr=2   paramiko.transport: [chan 2] Max packet in: 32768 bytes
DEB [20160924-21:26:57.441] thr=1   paramiko.transport: [chan 1] EOF sent (1)
DEB [20160924-21:26:57.442] thr=1   paramiko.transport: [chan 2] Max packet out: 32768 bytes
DEB [20160924-21:26:57.442] thr=1   paramiko.transport: Secsh channel 2 opened.
DEB [20160924-21:26:57.483] thr=1   paramiko.transport: [chan 2] Sesch channel 2 request ok
DEB [20160924-21:26:57.496] thr=1   paramiko.transport: [chan 2] EOF received (2)
DEB [20160924-21:26:58.557] thr=3   paramiko.transport: starting thread (client mode): 0x97c49810L
INF [20160924-21:26:58.568] thr=3   paramiko.transport: Connected (version 2.0, client OpenSSH_6.6.1p1)
DEB [20160924-21:26:58.570] thr=3   paramiko.transport: kex algos:[u'curve25519-sha256@libssh.org', u'ecdh-sha2-nistp256', u'ecdh-sha2-nistp384', u'ecdh-sha2-nistp521', u'diffie-hellman-group-exchange-sha256', u'diffie-hellman-group-exchange-sha1', u'diffie-hellman-group14-sha1', u'diffie-hellman-group1-sha1'] server key:[u'ssh-rsa', u'ssh-dss', u'ecdsa-sha2-nistp256'] client encrypt:[u'aes128-ctr', u'aes192-ctr', u'aes256-ctr', u'arcfour256', u'arcfour128', u'aes128-gcm@openssh.com', u'aes256-gcm@openssh.com', u'chacha20-poly1305@openssh.com', u'aes128-cbc', u'3des-cbc', u'blowfish-cbc', u'cast128-cbc', u'aes192-cbc', u'aes256-cbc', u'arcfour', u'rijndael-cbc@lysator.liu.se'] server encrypt:[u'aes128-ctr', u'aes192-ctr', u'aes256-ctr', u'arcfour256', u'arcfour128', u'aes128-gcm@openssh.com', u'aes256-gcm@openssh.com', u'chacha20-poly1305@openssh.com', u'aes128-cbc', u'3des-cbc', u'blowfish-cbc', u'cast128-cbc', u'aes192-cbc', u'aes256-cbc', u'arcfour', u'rijndael-cbc@lysator.liu.se'] client mac:[u'hmac-md5-etm@openssh.com', u'hmac-sha1-etm@openssh.com', u'umac-64-etm@openssh.com', u'umac-128-etm@openssh.com', u'hmac-sha2-256-etm@openssh.com', u'hmac-sha2-512-etm@openssh.com', u'hmac-ripemd160-etm@openssh.com', u'hmac-sha1-96-etm@openssh.com', u'hmac-md5-96-etm@openssh.com', u'hmac-md5', u'hmac-sha1', u'umac-64@openssh.com', u'umac-128@openssh.com', u'hmac-sha2-256', u'hmac-sha2-512', u'hmac-ripemd160', u'hmac-ripemd160@openssh.com', u'hmac-sha1-96', u'hmac-md5-96'] server mac:[u'hmac-md5-etm@openssh.com', u'hmac-sha1-etm@openssh.com', u'umac-64-etm@openssh.com', u'umac-128-etm@openssh.com', u'hmac-sha2-256-etm@openssh.com', u'hmac-sha2-512-etm@openssh.com', u'hmac-ripemd160-etm@openssh.com', u'hmac-sha1-96-etm@openssh.com', u'hmac-md5-96-etm@openssh.com', u'hmac-md5', u'hmac-sha1', u'umac-64@openssh.com', u'umac-128@openssh.com', u'hmac-sha2-256', u'hmac-sha2-512', u'hmac-ripemd160', u'hmac-ripemd160@openssh.com', u'hmac-sha1-96', u'hmac-md5-96'] client compress:[u'none', u'zlib@openssh.com'] server compress:[u'none', u'zlib@openssh.com'] client lang:[u''] server lang:[u''] kex follows?False
DEB [20160924-21:26:58.570] thr=3   paramiko.transport: Ciphers agreed: local=aes128-ctr, remote=aes128-ctr
DEB [20160924-21:26:58.570] thr=3   paramiko.transport: using kex diffie-hellman-group14-sha1; server key type ssh-rsa; cipher: local aes128-ctr, remote aes128-ctr; mac: local hmac-sha1, remote hmac-sha1; compression: local none, remote none
DEB [20160924-21:26:58.663] thr=3   paramiko.transport: Switch to new keys ...
DEB [20160924-21:26:58.664] thr=2   paramiko.transport: Adding ssh-rsa host key for 128.110.154.192: 220a54a9f98f7419a0c8e18cf4a1e04d
DEB [20160924-21:26:58.665] thr=2   paramiko.transport: Trying SSH key 8a04df6f9f614a868fb650d51b020835
DEB [20160924-21:26:58.694] thr=3   paramiko.transport: userauth is OK
INF [20160924-21:26:58.715] thr=3   paramiko.transport: Authentication (publickey) successful!
DEB [20160924-21:26:58.743] thr=2   paramiko.transport: [chan 0] Max packet in: 32768 bytes
DEB [20160924-21:26:58.744] thr=3   paramiko.transport: [chan 0] Max packet out: 32768 bytes
DEB [20160924-21:26:58.744] thr=3   paramiko.transport: Secsh channel 0 opened.
DEB [20160924-21:26:58.745] thr=3   paramiko.transport: [chan 0] Sesch channel 0 request ok
DEB [20160924-21:26:58.759] thr=3   paramiko.transport: [chan 0] EOF received (0)
DEB [20160924-21:26:58.760] thr=2   paramiko.transport: [chan 1] Max packet in: 32768 bytes
DEB [20160924-21:26:58.760] thr=3   paramiko.transport: [chan 0] EOF sent (0)
DEB [20160924-21:26:58.761] thr=3   paramiko.transport: [chan 1] Max packet out: 32768 bytes
DEB [20160924-21:26:58.762] thr=3   paramiko.transport: Secsh channel 1 opened.
DEB [20160924-21:26:58.794] thr=3   paramiko.transport: [chan 1] Sesch channel 1 request ok
DEB [20160924-21:26:58.806] thr=3   paramiko.transport: [chan 1] EOF received (1)
DEB [20160924-21:26:58.807] thr=3   paramiko.transport: [chan 1] EOF sent (1)
DEB [20160924-21:26:58.808] thr=2   paramiko.transport: [chan 2] Max packet in: 32768 bytes
DEB [20160924-21:26:58.844] thr=3   paramiko.transport: [chan 2] Max packet out: 32768 bytes
DEB [20160924-21:26:58.844] thr=3   paramiko.transport: Secsh channel 2 opened.
DEB [20160924-21:26:58.874] thr=3   paramiko.transport: [chan 2] Sesch channel 2 request ok
DEB [20160924-21:26:58.888] thr=3   paramiko.transport: [chan 2] EOF received (2)
